\BOOKMARK [1][-]{section.1}{Problem Formulation}{}% 1
\BOOKMARK [2][-]{subsection.1.1}{Selected Dataset}{section.1}% 2
\BOOKMARK [2][-]{subsection.1.2}{Training-Validation-Testing Framework}{section.1}% 3
\BOOKMARK [2][-]{subsection.1.3}{Measure of Success}{section.1}% 4
\BOOKMARK [1][-]{section.2}{Data Set Representation}{}% 5
\BOOKMARK [2][-]{subsection.2.1}{Decimal Features Representation}{section.2}% 6
\BOOKMARK [2][-]{subsection.2.2}{Binary Features Representation}{section.2}% 7
\BOOKMARK [2][-]{subsection.2.3}{Label Representation}{section.2}% 8
\BOOKMARK [1][-]{section.3}{Classification Baseline}{}% 9
\BOOKMARK [1][-]{section.4}{Experimented Classification Algorithms}{}% 10
\BOOKMARK [2][-]{subsection.4.1}{Naive Bayes}{section.4}% 11
\BOOKMARK [2][-]{subsection.4.2}{K-Nearest Neighbors \(KNN\)}{section.4}% 12
\BOOKMARK [2][-]{subsection.4.3}{Decision Tree}{section.4}% 13
\BOOKMARK [2][-]{subsection.4.4}{Random Forest}{section.4}% 14
\BOOKMARK [2][-]{subsection.4.5}{Support Vector Machines \(SVM\)}{section.4}% 15
\BOOKMARK [1][-]{section.5}{Results and Discussion}{}% 16
\BOOKMARK [2][-]{subsection.5.1}{Accuracy}{section.5}% 17
\BOOKMARK [2][-]{subsection.5.2}{Precision}{section.5}% 18
\BOOKMARK [2][-]{subsection.5.3}{Recall}{section.5}% 19
\BOOKMARK [2][-]{subsection.5.4}{F1-Measure}{section.5}% 20
\BOOKMARK [2][-]{subsection.5.5}{Confusion Matrix}{section.5}% 21
\BOOKMARK [1][-]{section.6}{Conclusion}{}% 22
